# JRE version: Java(TM) SE Runtime Environment (8.0_181-b13) (build 1.8.0_181-b13)
# Java VM: Java HotSpot(TM) 64-Bit Server VM (25.181-b13 mixed mode windows-amd64 compressed oops)
Heap:
 PSYoungGen      total 357888K, used 65516K [0x00000000d6100000, 0x00000000f3680000, 0x0000000100000000)
  eden space 281088K, 23% used [0x00000000d6100000,0x00000000da0fb278,0x00000000e7380000)
  from space 76800K, 0% used [0x00000000ecb00000,0x00000000ecb00000,0x00000000f1600000)
  to   space 89600K, 0% used [0x00000000e7380000,0x00000000e7380000,0x00000000ecb00000)
 ParOldGen       total 939520K, used 680601K [0x0000000082200000, 0x00000000bb780000, 0x00000000d6100000)
  object space 939520K, 72% used [0x0000000082200000,0x00000000abaa6660,0x00000000bb780000)
 Metaspace       used 23837K, capacity 24828K, committed 24960K, reserved 1071104K
  class space    used 3214K, capacity 3446K, committed 3456K, reserved 1048576K
GC Heap History (10 events):
Event: 3.225 GC heap before
{Heap before GC invocations=10 (full 4):
 PSYoungGen      total 208896K, used 17359K [0x00000000d6100000, 0x00000000e5a00000, 0x0000000100000000)
  eden space 190976K, 0% used [0x00000000d6100000,0x00000000d6100000,0x00000000e1b80000)
  from space 17920K, 96% used [0x00000000e3100000,0x00000000e41f3d20,0x00000000e4280000)
  to   space 22016K, 0% used [0x00000000e1b80000,0x00000000e1b80000,0x00000000e3100000)
 ParOldGen       total 453120K, used 358138K [0x0000000082200000, 0x000000009dc80000, 0x00000000d6100000)
  object space 453120K, 79% used [0x0000000082200000,0x0000000097fbeac8,0x000000009dc80000)
 Metaspace       used 14678K, capacity 15250K, committed 15360K, reserved 1062912K
  class space    used 2072K, capacity 2231K, committed 2304K, reserved 1048576K
Event: 3.278 GC heap after
Heap after GC invocations=10 (full 4):
 PSYoungGen      total 208896K, used 0K [0x00000000d6100000, 0x00000000e5a00000, 0x0000000100000000)
  eden space 190976K, 0% used [0x00000000d6100000,0x00000000d6100000,0x00000000e1b80000)
  from space 17920K, 0% used [0x00000000e3100000,0x00000000e3100000,0x00000000e4280000)
  to   space 22016K, 0% used [0x00000000e1b80000,0x00000000e1b80000,0x00000000e3100000)
 ParOldGen       total 577024K, used 375229K [0x0000000082200000, 0x00000000a5580000, 0x00000000d6100000)
  object space 577024K, 65% used [0x0000000082200000,0x000000009906f680,0x00000000a5580000)
 Metaspace       used 14678K, capacity 15250K, committed 15360K, reserved 1062912K
  class space    used 2072K, capacity 2231K, committed 2304K, reserved 1048576K
}
Event: 15.042 GC heap before
{Heap before GC invocations=11 (full 4):
 PSYoungGen      total 208896K, used 174475K [0x00000000d6100000, 0x00000000e5a00000, 0x0000000100000000)
  eden space 190976K, 91% used [0x00000000d6100000,0x00000000e0b62eb0,0x00000000e1b80000)
  from space 17920K, 0% used [0x00000000e3100000,0x00000000e3100000,0x00000000e4280000)
  to   space 22016K, 0% used [0x00000000e1b80000,0x00000000e1b80000,0x00000000e3100000)
 ParOldGen       total 577024K, used 375229K [0x0000000082200000, 0x00000000a5580000, 0x00000000d6100000)
  object space 577024K, 65% used [0x0000000082200000,0x000000009906f680,0x00000000a5580000)
 Metaspace       used 23473K, capacity 24374K, committed 24448K, reserved 1071104K
  class space    used 3177K, capacity 3405K, committed 3456K, reserved 1048576K
Event: 15.134 GC heap after
Heap after GC invocations=11 (full 4):
 PSYoungGen      total 212992K, used 22002K [0x00000000d6100000, 0x00000000f1600000, 0x0000000100000000)
  eden space 190976K, 0% used [0x00000000d6100000,0x00000000d6100000,0x00000000e1b80000)
  from space 22016K, 99% used [0x00000000e1b80000,0x00000000e30fc808,0x00000000e3100000)
  to   space 76800K, 0% used [0x00000000ecb00000,0x00000000ecb00000,0x00000000f1600000)
 ParOldGen       total 577024K, used 475212K [0x0000000082200000, 0x00000000a5580000, 0x00000000d6100000)
  object space 577024K, 82% used [0x0000000082200000,0x000000009f213368,0x00000000a5580000)
 Metaspace       used 23473K, capacity 24374K, committed 24448K, reserved 1071104K
  class space    used 3177K, capacity 3405K, committed 3456K, reserved 1048576K
}
Event: 15.134 GC heap before
{Heap before GC invocations=12 (full 5):
 PSYoungGen      total 212992K, used 22002K [0x00000000d6100000, 0x00000000f1600000, 0x0000000100000000)
  eden space 190976K, 0% used [0x00000000d6100000,0x00000000d6100000,0x00000000e1b80000)
  from space 22016K, 99% used [0x00000000e1b80000,0x00000000e30fc808,0x00000000e3100000)
  to   space 76800K, 0% used [0x00000000ecb00000,0x00000000ecb00000,0x00000000f1600000)
 ParOldGen       total 577024K, used 475212K [0x0000000082200000, 0x00000000a5580000, 0x00000000d6100000)
  object space 577024K, 82% used [0x0000000082200000,0x000000009f213368,0x00000000a5580000)
 Metaspace       used 23473K, capacity 24374K, committed 24448K, reserved 1071104K
  class space    used 3177K, capacity 3405K, committed 3456K, reserved 1048576K
Event: 15.202 GC heap after
Heap after GC invocations=12 (full 5):
 PSYoungGen      total 212992K, used 0K [0x00000000d6100000, 0x00000000f1600000, 0x0000000100000000)
  eden space 190976K, 0% used [0x00000000d6100000,0x00000000d6100000,0x00000000e1b80000)
  from space 22016K, 0% used [0x00000000e1b80000,0x00000000e1b80000,0x00000000e3100000)
  to   space 76800K, 0% used [0x00000000ecb00000,0x00000000ecb00000,0x00000000f1600000)
 ParOldGen       total 719872K, used 493128K [0x0000000082200000, 0x00000000ae100000, 0x00000000d6100000)
  object space 719872K, 68% used [0x0000000082200000,0x00000000a0392198,0x00000000ae100000)
 Metaspace       used 23473K, capacity 24374K, committed 24448K, reserved 1071104K
  class space    used 3177K, capacity 3405K, committed 3456K, reserved 1048576K
}
Event: 16.322 GC heap before
{Heap before GC invocations=13 (full 5):
 PSYoungGen      total 212992K, used 190976K [0x00000000d6100000, 0x00000000f1600000, 0x0000000100000000)
  eden space 190976K, 100% used [0x00000000d6100000,0x00000000e1b80000,0x00000000e1b80000)
  from space 22016K, 0% used [0x00000000e1b80000,0x00000000e1b80000,0x00000000e3100000)
  to   space 76800K, 0% used [0x00000000ecb00000,0x00000000ecb00000,0x00000000f1600000)
 ParOldGen       total 719872K, used 493128K [0x0000000082200000, 0x00000000ae100000, 0x00000000d6100000)
  object space 719872K, 68% used [0x0000000082200000,0x00000000a0392198,0x00000000ae100000)
 Metaspace       used 23504K, capacity 24380K, committed 24448K, reserved 1071104K
  class space    used 3180K, capacity 3406K, committed 3456K, reserved 1048576K
Event: 16.406 GC heap after
Heap after GC invocations=13 (full 5):
 PSYoungGen      total 357888K, used 68029K [0x00000000d6100000, 0x00000000f3680000, 0x0000000100000000)
  eden space 281088K, 0% used [0x00000000d6100000,0x00000000d6100000,0x00000000e7380000)
  from space 76800K, 88% used [0x00000000ecb00000,0x00000000f0d6f690,0x00000000f1600000)
  to   space 89600K, 0% used [0x00000000e7380000,0x00000000e7380000,0x00000000ecb00000)
 ParOldGen       total 719872K, used 614748K [0x0000000082200000, 0x00000000ae100000, 0x00000000d6100000)
  object space 719872K, 85% used [0x0000000082200000,0x00000000a7a570b8,0x00000000ae100000)
 Metaspace       used 23504K, capacity 24380K, committed 24448K, reserved 1071104K
  class space    used 3180K, capacity 3406K, committed 3456K, reserved 1048576K
}
Event: 16.406 GC heap before
{Heap before GC invocations=14 (full 6):
 PSYoungGen      total 357888K, used 68029K [0x00000000d6100000, 0x00000000f3680000, 0x0000000100000000)
  eden space 281088K, 0% used [0x00000000d6100000,0x00000000d6100000,0x00000000e7380000)
  from space 76800K, 88% used [0x00000000ecb00000,0x00000000f0d6f690,0x00000000f1600000)
  to   space 89600K, 0% used [0x00000000e7380000,0x00000000e7380000,0x00000000ecb00000)
 ParOldGen       total 719872K, used 614748K [0x0000000082200000, 0x00000000ae100000, 0x00000000d6100000)
  object space 719872K, 85% used [0x0000000082200000,0x00000000a7a570b8,0x00000000ae100000)
 Metaspace       used 23504K, capacity 24380K, committed 24448K, reserved 1071104K
  class space    used 3180K, capacity 3406K, committed 3456K, reserved 1048576K
Event: 16.495 GC heap after
Heap after GC invocations=14 (full 6):
 PSYoungGen      total 357888K, used 0K [0x00000000d6100000, 0x00000000f3680000, 0x0000000100000000)
  eden space 281088K, 0% used [0x00000000d6100000,0x00000000d6100000,0x00000000e7380000)
  from space 76800K, 0% used [0x00000000ecb00000,0x00000000ecb00000,0x00000000f1600000)
  to   space 89600K, 0% used [0x00000000e7380000,0x00000000e7380000,0x00000000ecb00000)
 ParOldGen       total 939520K, used 680601K [0x0000000082200000, 0x00000000bb780000, 0x00000000d6100000)
  object space 939520K, 72% used [0x0000000082200000,0x00000000abaa6660,0x00000000bb780000)
 Metaspace       used 23504K, capacity 24380K, committed 24448K, reserved 1071104K
  class space    used 3180K, capacity 3406K, committed 3456K, reserved 1048576K
}

