# JRE version: Java(TM) SE Runtime Environment (8.0_181-b13) (build 1.8.0_181-b13)
# Java VM: Java HotSpot(TM) 64-Bit Server VM (25.181-b13 mixed mode windows-amd64 compressed oops)
Heap:
 PSYoungGen      total 117760K, used 79096K [0x00000000d6100000, 0x00000000df680000, 0x0000000100000000)
  eden space 113152K, 69% used [0x00000000d6100000,0x00000000dae3e2a8,0x00000000dcf80000)
  from space 4608K, 0% used [0x00000000dcf80000,0x00000000dcf80000,0x00000000dd400000)
  to   space 4608K, 0% used [0x00000000df200000,0x00000000df200000,0x00000000df680000)
 ParOldGen       total 366080K, used 365344K [0x0000000082200000, 0x0000000098780000, 0x00000000d6100000)
  object space 366080K, 99% used [0x0000000082200000,0x00000000986c8060,0x0000000098780000)
 Metaspace       used 18064K, capacity 18828K, committed 19072K, reserved 1064960K
  class space    used 2636K, capacity 2830K, committed 2944K, reserved 1048576K
GC Heap History (10 events):
Event: 1.449 GC heap before
{Heap before GC invocations=8 (full 2):
 PSYoungGen      total 69632K, used 66678K [0x00000000d6100000, 0x00000000dd900000, 0x0000000100000000)
  eden space 64512K, 97% used [0x00000000d6100000,0x00000000d9e6b690,0x00000000da000000)
  from space 5120K, 73% used [0x00000000da000000,0x00000000da3b2360,0x00000000da500000)
  to   space 4608K, 0% used [0x00000000dd480000,0x00000000dd480000,0x00000000dd900000)
 ParOldGen       total 272896K, used 161500K [0x0000000082200000, 0x0000000092c80000, 0x00000000d6100000)
  object space 272896K, 59% used [0x0000000082200000,0x000000008bfb7220,0x0000000092c80000)
 Metaspace       used 9467K, capacity 9820K, committed 10112K, reserved 1058816K
  class space    used 1184K, capacity 1326K, committed 1408K, reserved 1048576K
Event: 1.467 GC heap after
Heap after GC invocations=8 (full 2):
 PSYoungGen      total 105984K, used 3878K [0x00000000d6100000, 0x00000000dd880000, 0x0000000100000000)
  eden space 101888K, 0% used [0x00000000d6100000,0x00000000d6100000,0x00000000dc480000)
  from space 4096K, 94% used [0x00000000dd480000,0x00000000dd849820,0x00000000dd880000)
  to   space 4608K, 0% used [0x00000000dcf80000,0x00000000dcf80000,0x00000000dd400000)
 ParOldGen       total 272896K, used 221509K [0x0000000082200000, 0x0000000092c80000, 0x00000000d6100000)
  object space 272896K, 81% used [0x0000000082200000,0x000000008fa51420,0x0000000092c80000)
 Metaspace       used 9467K, capacity 9820K, committed 10112K, reserved 1058816K
  class space    used 1184K, capacity 1326K, committed 1408K, reserved 1048576K
}
Event: 1.467 GC heap before
{Heap before GC invocations=9 (full 3):
 PSYoungGen      total 105984K, used 3878K [0x00000000d6100000, 0x00000000dd880000, 0x0000000100000000)
  eden space 101888K, 0% used [0x00000000d6100000,0x00000000d6100000,0x00000000dc480000)
  from space 4096K, 94% used [0x00000000dd480000,0x00000000dd849820,0x00000000dd880000)
  to   space 4608K, 0% used [0x00000000dcf80000,0x00000000dcf80000,0x00000000dd400000)
 ParOldGen       total 272896K, used 221509K [0x0000000082200000, 0x0000000092c80000, 0x00000000d6100000)
  object space 272896K, 81% used [0x0000000082200000,0x000000008fa51420,0x0000000092c80000)
 Metaspace       used 9467K, capacity 9820K, committed 10112K, reserved 1058816K
  class space    used 1184K, capacity 1326K, committed 1408K, reserved 1048576K
Event: 1.503 GC heap after
Heap after GC invocations=9 (full 3):
 PSYoungGen      total 105984K, used 0K [0x00000000d6100000, 0x00000000dd880000, 0x0000000100000000)
  eden space 101888K, 0% used [0x00000000d6100000,0x00000000d6100000,0x00000000dc480000)
  from space 4096K, 0% used [0x00000000dd480000,0x00000000dd480000,0x00000000dd880000)
  to   space 4608K, 0% used [0x00000000dcf80000,0x00000000dcf80000,0x00000000dd400000)
 ParOldGen       total 366080K, used 225276K [0x0000000082200000, 0x0000000098780000, 0x00000000d6100000)
  object space 366080K, 61% used [0x0000000082200000,0x000000008fdff3a8,0x0000000098780000)
 Metaspace       used 9467K, capacity 9820K, committed 10112K, reserved 1058816K
  class space    used 1184K, capacity 1326K, committed 1408K, reserved 1048576K
}
Event: 3.306 GC heap before
{Heap before GC invocations=10 (full 3):
 PSYoungGen      total 105984K, used 101481K [0x00000000d6100000, 0x00000000dd880000, 0x0000000100000000)
  eden space 101888K, 99% used [0x00000000d6100000,0x00000000dc41a4d0,0x00000000dc480000)
  from space 4096K, 0% used [0x00000000dd480000,0x00000000dd480000,0x00000000dd880000)
  to   space 4608K, 0% used [0x00000000dcf80000,0x00000000dcf80000,0x00000000dd400000)
 ParOldGen       total 366080K, used 225276K [0x0000000082200000, 0x0000000098780000, 0x00000000d6100000)
  object space 366080K, 61% used [0x0000000082200000,0x000000008fdff3a8,0x0000000098780000)
 Metaspace       used 14674K, capacity 15246K, committed 15360K, reserved 1062912K
  class space    used 2072K, capacity 2231K, committed 2304K, reserved 1048576K
Event: 3.335 GC heap after
Heap after GC invocations=10 (full 3):
 PSYoungGen      total 117760K, used 4401K [0x00000000d6100000, 0x00000000df680000, 0x0000000100000000)
  eden space 113152K, 0% used [0x00000000d6100000,0x00000000d6100000,0x00000000dcf80000)
  from space 4608K, 95% used [0x00000000dcf80000,0x00000000dd3cc4d0,0x00000000dd400000)
  to   space 4608K, 0% used [0x00000000df200000,0x00000000df200000,0x00000000df680000)
 ParOldGen       total 366080K, used 299434K [0x0000000082200000, 0x0000000098780000, 0x00000000d6100000)
  object space 366080K, 81% used [0x0000000082200000,0x000000009466aa28,0x0000000098780000)
 Metaspace       used 14674K, capacity 15246K, committed 15360K, reserved 1062912K
  class space    used 2072K, capacity 2231K, committed 2304K, reserved 1048576K
}
Event: 3.336 GC heap before
{Heap before GC invocations=11 (full 4):
 PSYoungGen      total 117760K, used 4401K [0x00000000d6100000, 0x00000000df680000, 0x0000000100000000)
  eden space 113152K, 0% used [0x00000000d6100000,0x00000000d6100000,0x00000000dcf80000)
  from space 4608K, 95% used [0x00000000dcf80000,0x00000000dd3cc4d0,0x00000000dd400000)
  to   space 4608K, 0% used [0x00000000df200000,0x00000000df200000,0x00000000df680000)
 ParOldGen       total 366080K, used 299434K [0x0000000082200000, 0x0000000098780000, 0x00000000d6100000)
  object space 366080K, 81% used [0x0000000082200000,0x000000009466aa28,0x0000000098780000)
 Metaspace       used 14674K, capacity 15246K, committed 15360K, reserved 1062912K
  class space    used 2072K, capacity 2231K, committed 2304K, reserved 1048576K
Event: 3.423 GC heap after
Heap after GC invocations=11 (full 4):
 PSYoungGen      total 117760K, used 0K [0x00000000d6100000, 0x00000000df680000, 0x0000000100000000)
  eden space 113152K, 0% used [0x00000000d6100000,0x00000000d6100000,0x00000000dcf80000)
  from space 4608K, 0% used [0x00000000dcf80000,0x00000000dcf80000,0x00000000dd400000)
  to   space 4608K, 0% used [0x00000000df200000,0x00000000df200000,0x00000000df680000)
 ParOldGen       total 366080K, used 301784K [0x0000000082200000, 0x0000000098780000, 0x00000000d6100000)
  object space 366080K, 82% used [0x0000000082200000,0x00000000948b6388,0x0000000098780000)
 Metaspace       used 14674K, capacity 15246K, committed 15360K, reserved 1062912K
  class space    used 2072K, capacity 2231K, committed 2304K, reserved 1048576K
}
Event: 3.755 GC heap before
{Heap before GC invocations=12 (full 5):
 PSYoungGen      total 117760K, used 111466K [0x00000000d6100000, 0x00000000df680000, 0x0000000100000000)
  eden space 113152K, 98% used [0x00000000d6100000,0x00000000dcdda950,0x00000000dcf80000)
  from space 4608K, 0% used [0x00000000dcf80000,0x00000000dcf80000,0x00000000dd400000)
  to   space 4608K, 0% used [0x00000000df200000,0x00000000df200000,0x00000000df680000)
 ParOldGen       total 366080K, used 301784K [0x0000000082200000, 0x0000000098780000, 0x00000000d6100000)
  object space 366080K, 82% used [0x0000000082200000,0x00000000948b6388,0x0000000098780000)
 Metaspace       used 14674K, capacity 15246K, committed 15360K, reserved 1062912K
  class space    used 2072K, capacity 2231K, committed 2304K, reserved 1048576K
Event: 3.883 GC heap after
Heap after GC invocations=12 (full 5):
 PSYoungGen      total 117760K, used 24804K [0x00000000d6100000, 0x00000000df680000, 0x0000000100000000)
  eden space 113152K, 21% used [0x00000000d6100000,0x00000000d7939170,0x00000000dcf80000)
  from space 4608K, 0% used [0x00000000dcf80000,0x00000000dcf80000,0x00000000dd400000)
  to   space 4608K, 0% used [0x00000000df200000,0x00000000df200000,0x00000000df680000)
 ParOldGen       total 366080K, used 365344K [0x0000000082200000, 0x0000000098780000, 0x00000000d6100000)
  object space 366080K, 99% used [0x0000000082200000,0x00000000986c8060,0x0000000098780000)
 Metaspace       used 14674K, capacity 15246K, committed 15360K, reserved 1062912K
  class space    used 2072K, capacity 2231K, committed 2304K, reserved 1048576K
}

