# JRE version: Java(TM) SE Runtime Environment (8.0_181-b13) (build 1.8.0_181-b13)
# Java VM: Java HotSpot(TM) 64-Bit Server VM (25.181-b13 mixed mode windows-amd64 compressed oops)
Heap:
 PSYoungGen      total 264704K, used 13156K [0x00000000d6100000, 0x00000000f6680000, 0x0000000100000000)
  eden space 172544K, 7% used [0x00000000d6100000,0x00000000d6dd9048,0x00000000e0980000)
  from space 92160K, 0% used [0x00000000e0980000,0x00000000e0980000,0x00000000e6380000)
  to   space 132608K, 0% used [0x00000000ee500000,0x00000000ee500000,0x00000000f6680000)
 ParOldGen       total 618496K, used 432621K [0x0000000082200000, 0x00000000a7e00000, 0x00000000d6100000)
  object space 618496K, 69% used [0x0000000082200000,0x000000009c87b5e8,0x00000000a7e00000)
 Metaspace       used 23855K, capacity 24808K, committed 25048K, reserved 1071104K
  class space    used 3213K, capacity 3448K, committed 3456K, reserved 1048576K
GC Heap History (10 events):
Event: 3.483 GC heap before
{Heap before GC invocations=7 (full 2):
 PSYoungGen      total 125952K, used 121856K [0x00000000d6100000, 0x00000000dea00000, 0x0000000100000000)
  eden space 121856K, 100% used [0x00000000d6100000,0x00000000dd800000,0x00000000dd800000)
  from space 4096K, 0% used [0x00000000de600000,0x00000000de600000,0x00000000dea00000)
  to   space 5120K, 0% used [0x00000000de000000,0x00000000de000000,0x00000000de500000)
 ParOldGen       total 307712K, used 170913K [0x0000000082200000, 0x0000000094e80000, 0x00000000d6100000)
  object space 307712K, 55% used [0x0000000082200000,0x000000008c8e86b8,0x0000000094e80000)
 Metaspace       used 13886K, capacity 14404K, committed 14720K, reserved 1062912K
  class space    used 1936K, capacity 2098K, committed 2176K, reserved 1048576K
Event: 3.517 GC heap after
Heap after GC invocations=7 (full 2):
 PSYoungGen      total 135168K, used 5094K [0x00000000d6100000, 0x00000000eab00000, 0x0000000100000000)
  eden space 130048K, 0% used [0x00000000d6100000,0x00000000d6100000,0x00000000de000000)
  from space 5120K, 99% used [0x00000000de000000,0x00000000de4f9820,0x00000000de500000)
  to   space 73216K, 0% used [0x00000000e6380000,0x00000000e6380000,0x00000000eab00000)
 ParOldGen       total 307712K, used 270695K [0x0000000082200000, 0x0000000094e80000, 0x00000000d6100000)
  object space 307712K, 87% used [0x0000000082200000,0x0000000092a59d08,0x0000000094e80000)
 Metaspace       used 13886K, capacity 14404K, committed 14720K, reserved 1062912K
  class space    used 1936K, capacity 2098K, committed 2176K, reserved 1048576K
}
Event: 3.517 GC heap before
{Heap before GC invocations=8 (full 3):
 PSYoungGen      total 135168K, used 5094K [0x00000000d6100000, 0x00000000eab00000, 0x0000000100000000)
  eden space 130048K, 0% used [0x00000000d6100000,0x00000000d6100000,0x00000000de000000)
  from space 5120K, 99% used [0x00000000de000000,0x00000000de4f9820,0x00000000de500000)
  to   space 73216K, 0% used [0x00000000e6380000,0x00000000e6380000,0x00000000eab00000)
 ParOldGen       total 307712K, used 270695K [0x0000000082200000, 0x0000000094e80000, 0x00000000d6100000)
  object space 307712K, 87% used [0x0000000082200000,0x0000000092a59d08,0x0000000094e80000)
 Metaspace       used 13886K, capacity 14404K, committed 14720K, reserved 1062912K
  class space    used 1936K, capacity 2098K, committed 2176K, reserved 1048576K
Event: 3.567 GC heap after
Heap after GC invocations=8 (full 3):
 PSYoungGen      total 135168K, used 0K [0x00000000d6100000, 0x00000000eab00000, 0x0000000100000000)
  eden space 130048K, 0% used [0x00000000d6100000,0x00000000d6100000,0x00000000de000000)
  from space 5120K, 0% used [0x00000000de000000,0x00000000de000000,0x00000000de500000)
  to   space 73216K, 0% used [0x00000000e6380000,0x00000000e6380000,0x00000000eab00000)
 ParOldGen       total 453632K, used 273764K [0x0000000082200000, 0x000000009dd00000, 0x00000000d6100000)
  object space 453632K, 60% used [0x0000000082200000,0x0000000092d59178,0x000000009dd00000)
 Metaspace       used 13886K, capacity 14404K, committed 14720K, reserved 1062912K
  class space    used 1936K, capacity 2098K, committed 2176K, reserved 1048576K
}
Event: 3.994 GC heap before
{Heap before GC invocations=9 (full 3):
 PSYoungGen      total 135168K, used 130048K [0x00000000d6100000, 0x00000000eab00000, 0x0000000100000000)
  eden space 130048K, 100% used [0x00000000d6100000,0x00000000de000000,0x00000000de000000)
  from space 5120K, 0% used [0x00000000de000000,0x00000000de000000,0x00000000de500000)
  to   space 73216K, 0% used [0x00000000e6380000,0x00000000e6380000,0x00000000eab00000)
 ParOldGen       total 453632K, used 273764K [0x0000000082200000, 0x000000009dd00000, 0x00000000d6100000)
  object space 453632K, 60% used [0x0000000082200000,0x0000000092d59178,0x000000009dd00000)
 Metaspace       used 14702K, capacity 15262K, committed 15360K, reserved 1062912K
  class space    used 2075K, capacity 2233K, committed 2304K, reserved 1048576K
Event: 4.023 GC heap after
Heap after GC invocations=9 (full 3):
 PSYoungGen      total 245760K, used 71734K [0x00000000d6100000, 0x00000000ee100000, 0x0000000100000000)
  eden space 172544K, 0% used [0x00000000d6100000,0x00000000d6100000,0x00000000e0980000)
  from space 73216K, 97% used [0x00000000e6380000,0x00000000ea98daf0,0x00000000eab00000)
  to   space 92160K, 0% used [0x00000000e0980000,0x00000000e0980000,0x00000000e6380000)
 ParOldGen       total 453632K, used 303772K [0x0000000082200000, 0x000000009dd00000, 0x00000000d6100000)
  object space 453632K, 66% used [0x0000000082200000,0x0000000094aa7278,0x000000009dd00000)
 Metaspace       used 14702K, capacity 15262K, committed 15360K, reserved 1062912K
  class space    used 2075K, capacity 2233K, committed 2304K, reserved 1048576K
}
Event: 21.944 GC heap before
{Heap before GC invocations=10 (full 3):
 PSYoungGen      total 245760K, used 181863K [0x00000000d6100000, 0x00000000ee100000, 0x0000000100000000)
  eden space 172544K, 63% used [0x00000000d6100000,0x00000000dcc8c120,0x00000000e0980000)
  from space 73216K, 97% used [0x00000000e6380000,0x00000000ea98daf0,0x00000000eab00000)
  to   space 92160K, 0% used [0x00000000e0980000,0x00000000e0980000,0x00000000e6380000)
 ParOldGen       total 453632K, used 303772K [0x0000000082200000, 0x000000009dd00000, 0x00000000d6100000)
  object space 453632K, 66% used [0x0000000082200000,0x0000000094aa7278,0x000000009dd00000)
 Metaspace       used 23597K, capacity 24488K, committed 24536K, reserved 1071104K
  class space    used 3171K, capacity 3408K, committed 3456K, reserved 1048576K
Event: 21.987 GC heap after
Heap after GC invocations=10 (full 3):
 PSYoungGen      total 264704K, used 92157K [0x00000000d6100000, 0x00000000f6680000, 0x0000000100000000)
  eden space 172544K, 0% used [0x00000000d6100000,0x00000000d6100000,0x00000000e0980000)
  from space 92160K, 99% used [0x00000000e0980000,0x00000000e637f448,0x00000000e6380000)
  to   space 132608K, 0% used [0x00000000ee500000,0x00000000ee500000,0x00000000f6680000)
 ParOldGen       total 453632K, used 340892K [0x0000000082200000, 0x000000009dd00000, 0x00000000d6100000)
  object space 453632K, 75% used [0x0000000082200000,0x0000000096ee7328,0x000000009dd00000)
 Metaspace       used 23597K, capacity 24488K, committed 24536K, reserved 1071104K
  class space    used 3171K, capacity 3408K, committed 3456K, reserved 1048576K
}
Event: 21.988 GC heap before
{Heap before GC invocations=11 (full 4):
 PSYoungGen      total 264704K, used 92157K [0x00000000d6100000, 0x00000000f6680000, 0x0000000100000000)
  eden space 172544K, 0% used [0x00000000d6100000,0x00000000d6100000,0x00000000e0980000)
  from space 92160K, 99% used [0x00000000e0980000,0x00000000e637f448,0x00000000e6380000)
  to   space 132608K, 0% used [0x00000000ee500000,0x00000000ee500000,0x00000000f6680000)
 ParOldGen       total 453632K, used 340892K [0x0000000082200000, 0x000000009dd00000, 0x00000000d6100000)
  object space 453632K, 75% used [0x0000000082200000,0x0000000096ee7328,0x000000009dd00000)
 Metaspace       used 23597K, capacity 24488K, committed 24536K, reserved 1071104K
  class space    used 3171K, capacity 3408K, committed 3456K, reserved 1048576K
Event: 22.113 GC heap after
Heap after GC invocations=11 (full 4):
 PSYoungGen      total 264704K, used 0K [0x00000000d6100000, 0x00000000f6680000, 0x0000000100000000)
  eden space 172544K, 0% used [0x00000000d6100000,0x00000000d6100000,0x00000000e0980000)
  from space 92160K, 0% used [0x00000000e0980000,0x00000000e0980000,0x00000000e6380000)
  to   space 132608K, 0% used [0x00000000ee500000,0x00000000ee500000,0x00000000f6680000)
 ParOldGen       total 618496K, used 432621K [0x0000000082200000, 0x00000000a7e00000, 0x00000000d6100000)
  object space 618496K, 69% used [0x0000000082200000,0x000000009c87b5e8,0x00000000a7e00000)
 Metaspace       used 23597K, capacity 24488K, committed 24536K, reserved 1071104K
  class space    used 3171K, capacity 3408K, committed 3456K, reserved 1048576K
}

