# JRE version: Java(TM) SE Runtime Environment (8.0_181-b13) (build 1.8.0_181-b13)
# Java VM: Java HotSpot(TM) 64-Bit Server VM (25.181-b13 mixed mode windows-amd64 compressed oops)
Heap:
 PSYoungGen      total 267264K, used 24152K [0x00000000d6100000, 0x00000000f6500000, 0x0000000100000000)
  eden space 163840K, 14% used [0x00000000d6100000,0x00000000d7896290,0x00000000e0100000)
  from space 103424K, 0% used [0x00000000e0100000,0x00000000e0100000,0x00000000e6600000)
  to   space 143872K, 0% used [0x00000000ed880000,0x00000000ed880000,0x00000000f6500000)
 ParOldGen       total 625664K, used 428732K [0x0000000082200000, 0x00000000a8500000, 0x00000000d6100000)
  object space 625664K, 68% used [0x0000000082200000,0x000000009c4af368,0x00000000a8500000)
 Metaspace       used 23641K, capacity 24588K, committed 24704K, reserved 1071104K
  class space    used 3206K, capacity 3438K, committed 3456K, reserved 1048576K
GC Heap History (10 events):
Event: 2.420 GC heap before
{Heap before GC invocations=7 (full 2):
 PSYoungGen      total 124928K, used 119808K [0x00000000d6100000, 0x00000000deb00000, 0x0000000100000000)
  eden space 119808K, 100% used [0x00000000d6100000,0x00000000dd600000,0x00000000dd600000)
  from space 5120K, 0% used [0x00000000de600000,0x00000000de600000,0x00000000deb00000)
  to   space 5120K, 0% used [0x00000000de100000,0x00000000de100000,0x00000000de600000)
 ParOldGen       total 309760K, used 170913K [0x0000000082200000, 0x0000000095080000, 0x00000000d6100000)
  object space 309760K, 55% used [0x0000000082200000,0x000000008c8e84f8,0x0000000095080000)
 Metaspace       used 13529K, capacity 14056K, committed 14080K, reserved 1060864K
  class space    used 1856K, capacity 2026K, committed 2048K, reserved 1048576K
Event: 2.453 GC heap after
Heap after GC invocations=7 (full 2):
 PSYoungGen      total 136192K, used 5094K [0x00000000d6100000, 0x00000000eb680000, 0x0000000100000000)
  eden space 131072K, 0% used [0x00000000d6100000,0x00000000d6100000,0x00000000de100000)
  from space 5120K, 99% used [0x00000000de100000,0x00000000de5f9820,0x00000000de600000)
  to   space 82432K, 0% used [0x00000000e6600000,0x00000000e6600000,0x00000000eb680000)
 ParOldGen       total 309760K, used 270559K [0x0000000082200000, 0x0000000095080000, 0x00000000d6100000)
  object space 309760K, 87% used [0x0000000082200000,0x0000000092a37ed8,0x0000000095080000)
 Metaspace       used 13529K, capacity 14056K, committed 14080K, reserved 1060864K
  class space    used 1856K, capacity 2026K, committed 2048K, reserved 1048576K
}
Event: 2.453 GC heap before
{Heap before GC invocations=8 (full 3):
 PSYoungGen      total 136192K, used 5094K [0x00000000d6100000, 0x00000000eb680000, 0x0000000100000000)
  eden space 131072K, 0% used [0x00000000d6100000,0x00000000d6100000,0x00000000de100000)
  from space 5120K, 99% used [0x00000000de100000,0x00000000de5f9820,0x00000000de600000)
  to   space 82432K, 0% used [0x00000000e6600000,0x00000000e6600000,0x00000000eb680000)
 ParOldGen       total 309760K, used 270559K [0x0000000082200000, 0x0000000095080000, 0x00000000d6100000)
  object space 309760K, 87% used [0x0000000082200000,0x0000000092a37ed8,0x0000000095080000)
 Metaspace       used 13529K, capacity 14056K, committed 14080K, reserved 1060864K
  class space    used 1856K, capacity 2026K, committed 2048K, reserved 1048576K
Event: 2.547 GC heap after
Heap after GC invocations=8 (full 3):
 PSYoungGen      total 136192K, used 0K [0x00000000d6100000, 0x00000000eb680000, 0x0000000100000000)
  eden space 131072K, 0% used [0x00000000d6100000,0x00000000d6100000,0x00000000de100000)
  from space 5120K, 0% used [0x00000000de100000,0x00000000de100000,0x00000000de600000)
  to   space 82432K, 0% used [0x00000000e6600000,0x00000000e6600000,0x00000000eb680000)
 ParOldGen       total 457728K, used 273612K [0x0000000082200000, 0x000000009e100000, 0x00000000d6100000)
  object space 457728K, 59% used [0x0000000082200000,0x0000000092d330f8,0x000000009e100000)
 Metaspace       used 13529K, capacity 14056K, committed 14080K, reserved 1060864K
  class space    used 1856K, capacity 2026K, committed 2048K, reserved 1048576K
}
Event: 3.094 GC heap before
{Heap before GC invocations=9 (full 3):
 PSYoungGen      total 136192K, used 130737K [0x00000000d6100000, 0x00000000eb680000, 0x0000000100000000)
  eden space 131072K, 99% used [0x00000000d6100000,0x00000000de0ac600,0x00000000de100000)
  from space 5120K, 0% used [0x00000000de100000,0x00000000de100000,0x00000000de600000)
  to   space 82432K, 0% used [0x00000000e6600000,0x00000000e6600000,0x00000000eb680000)
 ParOldGen       total 457728K, used 273612K [0x0000000082200000, 0x000000009e100000, 0x00000000d6100000)
  object space 457728K, 59% used [0x0000000082200000,0x0000000092d330f8,0x000000009e100000)
 Metaspace       used 14671K, capacity 15254K, committed 15360K, reserved 1062912K
  class space    used 2072K, capacity 2231K, committed 2304K, reserved 1048576K
Event: 3.125 GC heap after
Heap after GC invocations=9 (full 3):
 PSYoungGen      total 246272K, used 80844K [0x00000000d6100000, 0x00000000ef000000, 0x0000000100000000)
  eden space 163840K, 0% used [0x00000000d6100000,0x00000000d6100000,0x00000000e0100000)
  from space 82432K, 98% used [0x00000000e6600000,0x00000000eb4f3360,0x00000000eb680000)
  to   space 103424K, 0% used [0x00000000e0100000,0x00000000e0100000,0x00000000e6600000)
 ParOldGen       total 457728K, used 294245K [0x0000000082200000, 0x000000009e100000, 0x00000000d6100000)
  object space 457728K, 64% used [0x0000000082200000,0x00000000941595a8,0x000000009e100000)
 Metaspace       used 14671K, capacity 15254K, committed 15360K, reserved 1062912K
  class space    used 2072K, capacity 2231K, committed 2304K, reserved 1048576K
}
Event: 15.128 GC heap before
{Heap before GC invocations=10 (full 3):
 PSYoungGen      total 246272K, used 180669K [0x00000000d6100000, 0x00000000ef000000, 0x0000000100000000)
  eden space 163840K, 60% used [0x00000000d6100000,0x00000000dc27c2b0,0x00000000e0100000)
  from space 82432K, 98% used [0x00000000e6600000,0x00000000eb4f3360,0x00000000eb680000)
  to   space 103424K, 0% used [0x00000000e0100000,0x00000000e0100000,0x00000000e6600000)
 ParOldGen       total 457728K, used 294245K [0x0000000082200000, 0x000000009e100000, 0x00000000d6100000)
  object space 457728K, 64% used [0x0000000082200000,0x00000000941595a8,0x000000009e100000)
 Metaspace       used 22481K, capacity 23306K, committed 23468K, reserved 1069056K
  class space    used 3023K, capacity 3219K, committed 3328K, reserved 1048576K
Event: 15.172 GC heap after
Heap after GC invocations=10 (full 3):
 PSYoungGen      total 267264K, used 103409K [0x00000000d6100000, 0x00000000f6500000, 0x0000000100000000)
  eden space 163840K, 0% used [0x00000000d6100000,0x00000000d6100000,0x00000000e0100000)
  from space 103424K, 99% used [0x00000000e0100000,0x00000000e65fc4f0,0x00000000e6600000)
  to   space 143872K, 0% used [0x00000000ed880000,0x00000000ed880000,0x00000000f6500000)
 ParOldGen       total 457728K, used 325694K [0x0000000082200000, 0x000000009e100000, 0x00000000d6100000)
  object space 457728K, 71% used [0x0000000082200000,0x000000009600f9b8,0x000000009e100000)
 Metaspace       used 22481K, capacity 23306K, committed 23468K, reserved 1069056K
  class space    used 3023K, capacity 3219K, committed 3328K, reserved 1048576K
}
Event: 15.172 GC heap before
{Heap before GC invocations=11 (full 4):
 PSYoungGen      total 267264K, used 103409K [0x00000000d6100000, 0x00000000f6500000, 0x0000000100000000)
  eden space 163840K, 0% used [0x00000000d6100000,0x00000000d6100000,0x00000000e0100000)
  from space 103424K, 99% used [0x00000000e0100000,0x00000000e65fc4f0,0x00000000e6600000)
  to   space 143872K, 0% used [0x00000000ed880000,0x00000000ed880000,0x00000000f6500000)
 ParOldGen       total 457728K, used 325694K [0x0000000082200000, 0x000000009e100000, 0x00000000d6100000)
  object space 457728K, 71% used [0x0000000082200000,0x000000009600f9b8,0x000000009e100000)
 Metaspace       used 22481K, capacity 23306K, committed 23468K, reserved 1069056K
  class space    used 3023K, capacity 3219K, committed 3328K, reserved 1048576K
Event: 15.301 GC heap after
Heap after GC invocations=11 (full 4):
 PSYoungGen      total 267264K, used 0K [0x00000000d6100000, 0x00000000f6500000, 0x0000000100000000)
  eden space 163840K, 0% used [0x00000000d6100000,0x00000000d6100000,0x00000000e0100000)
  from space 103424K, 0% used [0x00000000e0100000,0x00000000e0100000,0x00000000e6600000)
  to   space 143872K, 0% used [0x00000000ed880000,0x00000000ed880000,0x00000000f6500000)
 ParOldGen       total 625664K, used 428732K [0x0000000082200000, 0x00000000a8500000, 0x00000000d6100000)
  object space 625664K, 68% used [0x0000000082200000,0x000000009c4af368,0x00000000a8500000)
 Metaspace       used 22481K, capacity 23306K, committed 23468K, reserved 1069056K
  class space    used 3023K, capacity 3219K, committed 3328K, reserved 1048576K
}

