# JRE version: Java(TM) SE Runtime Environment (8.0_181-b13) (build 1.8.0_181-b13)
# Java VM: Java HotSpot(TM) 64-Bit Server VM (25.181-b13 mixed mode windows-amd64 compressed oops)
Heap:
 PSYoungGen      total 124928K, used 105820K [0x00000000d6100000, 0x00000000df480000, 0x0000000100000000)
  eden space 107008K, 98% used [0x00000000d6100000,0x00000000dc857080,0x00000000dc980000)
  from space 17920K, 0% used [0x00000000de200000,0x00000000de200000,0x00000000df380000)
  to   space 22016K, 92% used [0x00000000dc980000,0x00000000ddd529b0,0x00000000ddf00000)
 ParOldGen       total 351232K, used 229026K [0x0000000082200000, 0x0000000097900000, 0x00000000d6100000)
  object space 351232K, 65% used [0x0000000082200000,0x00000000901a89e8,0x0000000097900000)
 Metaspace       used 14567K, capacity 15186K, committed 15360K, reserved 1062912K
  class space    used 2054K, capacity 2229K, committed 2304K, reserved 1048576K
GC Heap History (10 events):
Event: 1.144 GC heap before
{Heap before GC invocations=5 (full 1):
 PSYoungGen      total 37888K, used 31195K [0x00000000d6100000, 0x00000000dab00000, 0x0000000100000000)
  eden space 32768K, 95% used [0x00000000d6100000,0x00000000d7f76d38,0x00000000d8100000)
  from space 5120K, 0% used [0x00000000d8100000,0x00000000d8100000,0x00000000d8600000)
  to   space 5120K, 0% used [0x00000000da600000,0x00000000da600000,0x00000000dab00000)
 ParOldGen       total 153600K, used 77168K [0x0000000082200000, 0x000000008b800000, 0x00000000d6100000)
  object space 153600K, 50% used [0x0000000082200000,0x0000000086d5c3c8,0x000000008b800000)
 Metaspace       used 9465K, capacity 9788K, committed 10112K, reserved 1058816K
  class space    used 1180K, capacity 1294K, committed 1408K, reserved 1048576K
Event: 1.155 GC heap after
Heap after GC invocations=5 (full 1):
 PSYoungGen      total 65024K, used 3846K [0x00000000d6100000, 0x00000000daa00000, 0x0000000100000000)
  eden space 60928K, 0% used [0x00000000d6100000,0x00000000d6100000,0x00000000d9c80000)
  from space 4096K, 93% used [0x00000000da600000,0x00000000da9c1820,0x00000000daa00000)
  to   space 5120K, 0% used [0x00000000da000000,0x00000000da000000,0x00000000da500000)
 ParOldGen       total 153600K, used 103419K [0x0000000082200000, 0x000000008b800000, 0x00000000d6100000)
  object space 153600K, 67% used [0x0000000082200000,0x00000000886feca8,0x000000008b800000)
 Metaspace       used 9465K, capacity 9788K, committed 10112K, reserved 1058816K
  class space    used 1180K, capacity 1294K, committed 1408K, reserved 1048576K
}
Event: 1.212 GC heap before
{Heap before GC invocations=6 (full 1):
 PSYoungGen      total 65024K, used 64251K [0x00000000d6100000, 0x00000000daa00000, 0x0000000100000000)
  eden space 60928K, 99% used [0x00000000d6100000,0x00000000d9bfd618,0x00000000d9c80000)
  from space 4096K, 93% used [0x00000000da600000,0x00000000da9c1820,0x00000000daa00000)
  to   space 5120K, 0% used [0x00000000da000000,0x00000000da000000,0x00000000da500000)
 ParOldGen       total 153600K, used 103419K [0x0000000082200000, 0x000000008b800000, 0x00000000d6100000)
  object space 153600K, 67% used [0x0000000082200000,0x00000000886feca8,0x000000008b800000)
 Metaspace       used 9465K, capacity 9788K, committed 10112K, reserved 1058816K
  class space    used 1180K, capacity 1294K, committed 1408K, reserved 1048576K
Event: 1.236 GC heap after
Heap after GC invocations=6 (full 1):
 PSYoungGen      total 69632K, used 3846K [0x00000000d6100000, 0x00000000df380000, 0x0000000100000000)
  eden space 64512K, 0% used [0x00000000d6100000,0x00000000d6100000,0x00000000da000000)
  from space 5120K, 75% used [0x00000000da000000,0x00000000da3c1820,0x00000000da500000)
  to   space 17920K, 0% used [0x00000000de200000,0x00000000de200000,0x00000000df380000)
 ParOldGen       total 161792K, used 161544K [0x0000000082200000, 0x000000008c000000, 0x00000000d6100000)
  object space 161792K, 99% used [0x0000000082200000,0x000000008bfc2298,0x000000008c000000)
 Metaspace       used 9465K, capacity 9788K, committed 10112K, reserved 1058816K
  class space    used 1180K, capacity 1294K, committed 1408K, reserved 1048576K
}
Event: 1.236 GC heap before
{Heap before GC invocations=7 (full 2):
 PSYoungGen      total 69632K, used 3846K [0x00000000d6100000, 0x00000000df380000, 0x0000000100000000)
  eden space 64512K, 0% used [0x00000000d6100000,0x00000000d6100000,0x00000000da000000)
  from space 5120K, 75% used [0x00000000da000000,0x00000000da3c1820,0x00000000da500000)
  to   space 17920K, 0% used [0x00000000de200000,0x00000000de200000,0x00000000df380000)
 ParOldGen       total 161792K, used 161544K [0x0000000082200000, 0x000000008c000000, 0x00000000d6100000)
  object space 161792K, 99% used [0x0000000082200000,0x000000008bfc2298,0x000000008c000000)
 Metaspace       used 9465K, capacity 9788K, committed 10112K, reserved 1058816K
  class space    used 1180K, capacity 1294K, committed 1408K, reserved 1048576K
Event: 1.266 GC heap after
Heap after GC invocations=7 (full 2):
 PSYoungGen      total 69632K, used 3784K [0x00000000d6100000, 0x00000000df380000, 0x0000000100000000)
  eden space 64512K, 0% used [0x00000000d6100000,0x00000000d6100000,0x00000000da000000)
  from space 5120K, 73% used [0x00000000da000000,0x00000000da3b2360,0x00000000da500000)
  to   space 17920K, 0% used [0x00000000de200000,0x00000000de200000,0x00000000df380000)
 ParOldGen       total 269824K, used 161500K [0x0000000082200000, 0x0000000092980000, 0x00000000d6100000)
  object space 269824K, 59% used [0x0000000082200000,0x000000008bfb7040,0x0000000092980000)
 Metaspace       used 9465K, capacity 9788K, committed 10112K, reserved 1058816K
  class space    used 1180K, capacity 1294K, committed 1408K, reserved 1048576K
}
Event: 1.311 GC heap before
{Heap before GC invocations=8 (full 2):
 PSYoungGen      total 69632K, used 66678K [0x00000000d6100000, 0x00000000df380000, 0x0000000100000000)
  eden space 64512K, 97% used [0x00000000d6100000,0x00000000d9e6b680,0x00000000da000000)
  from space 5120K, 73% used [0x00000000da000000,0x00000000da3b2360,0x00000000da500000)
  to   space 17920K, 0% used [0x00000000de200000,0x00000000de200000,0x00000000df380000)
 ParOldGen       total 269824K, used 161500K [0x0000000082200000, 0x0000000092980000, 0x00000000d6100000)
  object space 269824K, 59% used [0x0000000082200000,0x000000008bfb7040,0x0000000092980000)
 Metaspace       used 9465K, capacity 9788K, committed 10112K, reserved 1058816K
  class space    used 1180K, capacity 1294K, committed 1408K, reserved 1048576K
Event: 1.335 GC heap after
Heap after GC invocations=8 (full 2):
 PSYoungGen      total 124928K, used 17003K [0x00000000d6100000, 0x00000000df480000, 0x0000000100000000)
  eden space 107008K, 0% used [0x00000000d6100000,0x00000000d6100000,0x00000000dc980000)
  from space 17920K, 94% used [0x00000000de200000,0x00000000df29ac90,0x00000000df380000)
  to   space 22016K, 0% used [0x00000000dc980000,0x00000000dc980000,0x00000000ddf00000)
 ParOldGen       total 269824K, used 208383K [0x0000000082200000, 0x0000000092980000, 0x00000000d6100000)
  object space 269824K, 77% used [0x0000000082200000,0x000000008ed7fdd0,0x0000000092980000)
 Metaspace       used 9465K, capacity 9788K, committed 10112K, reserved 1058816K
  class space    used 1180K, capacity 1294K, committed 1408K, reserved 1048576K
}
Event: 1.335 GC heap before
{Heap before GC invocations=9 (full 3):
 PSYoungGen      total 124928K, used 17003K [0x00000000d6100000, 0x00000000df480000, 0x0000000100000000)
  eden space 107008K, 0% used [0x00000000d6100000,0x00000000d6100000,0x00000000dc980000)
  from space 17920K, 94% used [0x00000000de200000,0x00000000df29ac90,0x00000000df380000)
  to   space 22016K, 0% used [0x00000000dc980000,0x00000000dc980000,0x00000000ddf00000)
 ParOldGen       total 269824K, used 208383K [0x0000000082200000, 0x0000000092980000, 0x00000000d6100000)
  object space 269824K, 77% used [0x0000000082200000,0x000000008ed7fdd0,0x0000000092980000)
 Metaspace       used 9465K, capacity 9788K, committed 10112K, reserved 1058816K
  class space    used 1180K, capacity 1294K, committed 1408K, reserved 1048576K
Event: 1.360 GC heap after
Heap after GC invocations=9 (full 3):
 PSYoungGen      total 124928K, used 0K [0x00000000d6100000, 0x00000000df480000, 0x0000000100000000)
  eden space 107008K, 0% used [0x00000000d6100000,0x00000000d6100000,0x00000000dc980000)
  from space 17920K, 0% used [0x00000000de200000,0x00000000de200000,0x00000000df380000)
  to   space 22016K, 0% used [0x00000000dc980000,0x00000000dc980000,0x00000000ddf00000)
 ParOldGen       total 351232K, used 225276K [0x0000000082200000, 0x0000000097900000, 0x00000000d6100000)
  object space 351232K, 64% used [0x0000000082200000,0x000000008fdff1c8,0x0000000097900000)
 Metaspace       used 9465K, capacity 9788K, committed 10112K, reserved 1058816K
  class space    used 1180K, capacity 1294K, committed 1408K, reserved 1048576K
}

