# JRE version: Java(TM) SE Runtime Environment (8.0_181-b13) (build 1.8.0_181-b13)
# Java VM: Java HotSpot(TM) 64-Bit Server VM (25.181-b13 mixed mode windows-amd64 compressed oops)
Heap:
 PSYoungGen      total 123904K, used 117541K [0x00000000d6100000, 0x00000000dea00000, 0x0000000100000000)
  eden space 118784K, 98% used [0x00000000d6100000,0x00000000dd3c9740,0x00000000dd500000)
  from space 5120K, 0% used [0x00000000de000000,0x00000000de000000,0x00000000de500000)
  to   space 4096K, 0% used [0x00000000de600000,0x00000000de600000,0x00000000dea00000)
 ParOldGen       total 312320K, used 311263K [0x0000000082200000, 0x0000000095300000, 0x00000000d6100000)
  object space 312320K, 99% used [0x0000000082200000,0x00000000951f7e60,0x0000000095300000)
 Metaspace       used 18375K, capacity 19234K, committed 19584K, reserved 1067008K
  class space    used 2633K, capacity 2833K, committed 2944K, reserved 1048576K
GC Heap History (10 events):
Event: 3.353 GC heap before
{Heap before GC invocations=9 (full 4):
 PSYoungGen      total 123904K, used 117911K [0x00000000d6100000, 0x00000000dea00000, 0x0000000100000000)
  eden space 118784K, 99% used [0x00000000d6100000,0x00000000dd425fe0,0x00000000dd500000)
  from space 5120K, 0% used [0x00000000de000000,0x00000000de000000,0x00000000de500000)
  to   space 4096K, 0% used [0x00000000de600000,0x00000000de600000,0x00000000dea00000)
 ParOldGen       total 312320K, used 273511K [0x0000000082200000, 0x0000000095300000, 0x00000000d6100000)
  object space 312320K, 87% used [0x0000000082200000,0x0000000092d19f58,0x0000000095300000)
 Metaspace       used 14684K, capacity 15258K, committed 15360K, reserved 1062912K
  class space    used 2070K, capacity 2233K, committed 2304K, reserved 1048576K
Event: 3.459 GC heap after
Heap after GC invocations=9 (full 4):
 PSYoungGen      total 123904K, used 52938K [0x00000000d6100000, 0x00000000dea00000, 0x0000000100000000)
  eden space 118784K, 44% used [0x00000000d6100000,0x00000000d94b2be0,0x00000000dd500000)
  from space 5120K, 0% used [0x00000000de000000,0x00000000de000000,0x00000000de500000)
  to   space 4096K, 0% used [0x00000000de600000,0x00000000de600000,0x00000000dea00000)
 ParOldGen       total 312320K, used 311074K [0x0000000082200000, 0x0000000095300000, 0x00000000d6100000)
  object space 312320K, 99% used [0x0000000082200000,0x00000000951c8858,0x0000000095300000)
 Metaspace       used 14684K, capacity 15258K, committed 15360K, reserved 1062912K
  class space    used 2070K, capacity 2233K, committed 2304K, reserved 1048576K
}
Event: 3.592 GC heap before
{Heap before GC invocations=10 (full 5):
 PSYoungGen      total 123904K, used 117275K [0x00000000d6100000, 0x00000000dea00000, 0x0000000100000000)
  eden space 118784K, 98% used [0x00000000d6100000,0x00000000dd386d80,0x00000000dd500000)
  from space 5120K, 0% used [0x00000000de000000,0x00000000de000000,0x00000000de500000)
  to   space 4096K, 0% used [0x00000000de600000,0x00000000de600000,0x00000000dea00000)
 ParOldGen       total 312320K, used 311074K [0x0000000082200000, 0x0000000095300000, 0x00000000d6100000)
  object space 312320K, 99% used [0x0000000082200000,0x00000000951c8858,0x0000000095300000)
 Metaspace       used 14684K, capacity 15258K, committed 15360K, reserved 1062912K
  class space    used 2070K, capacity 2233K, committed 2304K, reserved 1048576K
Event: 3.631 GC heap after
Heap after GC invocations=10 (full 5):
 PSYoungGen      total 123904K, used 103567K [0x00000000d6100000, 0x00000000dea00000, 0x0000000100000000)
  eden space 118784K, 87% used [0x00000000d6100000,0x00000000dc623cd0,0x00000000dd500000)
  from space 5120K, 0% used [0x00000000de000000,0x00000000de000000,0x00000000de500000)
  to   space 4096K, 0% used [0x00000000de600000,0x00000000de600000,0x00000000dea00000)
 ParOldGen       total 312320K, used 310964K [0x0000000082200000, 0x0000000095300000, 0x00000000d6100000)
  object space 312320K, 99% used [0x0000000082200000,0x00000000951ad118,0x0000000095300000)
 Metaspace       used 14684K, capacity 15258K, committed 15360K, reserved 1062912K
  class space    used 2070K, capacity 2233K, committed 2304K, reserved 1048576K
}
Event: 4.547 GC heap before
{Heap before GC invocations=11 (full 6):
 PSYoungGen      total 123904K, used 118784K [0x00000000d6100000, 0x00000000dea00000, 0x0000000100000000)
  eden space 118784K, 100% used [0x00000000d6100000,0x00000000dd500000,0x00000000dd500000)
  from space 5120K, 0% used [0x00000000de000000,0x00000000de000000,0x00000000de500000)
  to   space 4096K, 0% used [0x00000000de600000,0x00000000de600000,0x00000000dea00000)
 ParOldGen       total 312320K, used 310964K [0x0000000082200000, 0x0000000095300000, 0x00000000d6100000)
  object space 312320K, 99% used [0x0000000082200000,0x00000000951ad118,0x0000000095300000)
 Metaspace       used 16435K, capacity 17248K, committed 17408K, reserved 1064960K
  class space    used 2352K, capacity 2556K, committed 2560K, reserved 1048576K
Event: 4.659 GC heap after
Heap after GC invocations=11 (full 6):
 PSYoungGen      total 123904K, used 111023K [0x00000000d6100000, 0x00000000dea00000, 0x0000000100000000)
  eden space 118784K, 93% used [0x00000000d6100000,0x00000000dcd6bc18,0x00000000dd500000)
  from space 5120K, 0% used [0x00000000de000000,0x00000000de000000,0x00000000de500000)
  to   space 4096K, 0% used [0x00000000de600000,0x00000000de600000,0x00000000dea00000)
 ParOldGen       total 312320K, used 310919K [0x0000000082200000, 0x0000000095300000, 0x00000000d6100000)
  object space 312320K, 99% used [0x0000000082200000,0x00000000951a1e78,0x0000000095300000)
 Metaspace       used 16435K, capacity 17248K, committed 17408K, reserved 1064960K
  class space    used 2352K, capacity 2556K, committed 2560K, reserved 1048576K
}
Event: 5.185 GC heap before
{Heap before GC invocations=12 (full 7):
 PSYoungGen      total 123904K, used 118784K [0x00000000d6100000, 0x00000000dea00000, 0x0000000100000000)
  eden space 118784K, 100% used [0x00000000d6100000,0x00000000dd500000,0x00000000dd500000)
  from space 5120K, 0% used [0x00000000de000000,0x00000000de000000,0x00000000de500000)
  to   space 4096K, 0% used [0x00000000de600000,0x00000000de600000,0x00000000dea00000)
 ParOldGen       total 312320K, used 310919K [0x0000000082200000, 0x0000000095300000, 0x00000000d6100000)
  object space 312320K, 99% used [0x0000000082200000,0x00000000951a1e78,0x0000000095300000)
 Metaspace       used 17775K, capacity 18574K, committed 18816K, reserved 1064960K
  class space    used 2629K, capacity 2831K, committed 2944K, reserved 1048576K
Event: 5.336 GC heap after
Heap after GC invocations=12 (full 7):
 PSYoungGen      total 123904K, used 111867K [0x00000000d6100000, 0x00000000dea00000, 0x0000000100000000)
  eden space 118784K, 94% used [0x00000000d6100000,0x00000000dce3ef58,0x00000000dd500000)
  from space 5120K, 0% used [0x00000000de000000,0x00000000de000000,0x00000000de500000)
  to   space 4096K, 0% used [0x00000000de600000,0x00000000de600000,0x00000000dea00000)
 ParOldGen       total 312320K, used 312288K [0x0000000082200000, 0x0000000095300000, 0x00000000d6100000)
  object space 312320K, 99% used [0x0000000082200000,0x00000000952f81a8,0x0000000095300000)
 Metaspace       used 17775K, capacity 18574K, committed 18816K, reserved 1064960K
  class space    used 2629K, capacity 2831K, committed 2944K, reserved 1048576K
}
Event: 8.283 GC heap before
{Heap before GC invocations=13 (full 8):
 PSYoungGen      total 123904K, used 117812K [0x00000000d6100000, 0x00000000dea00000, 0x0000000100000000)
  eden space 118784K, 99% used [0x00000000d6100000,0x00000000dd40d068,0x00000000dd500000)
  from space 5120K, 0% used [0x00000000de000000,0x00000000de000000,0x00000000de500000)
  to   space 4096K, 0% used [0x00000000de600000,0x00000000de600000,0x00000000dea00000)
 ParOldGen       total 312320K, used 312288K [0x0000000082200000, 0x0000000095300000, 0x00000000d6100000)
  object space 312320K, 99% used [0x0000000082200000,0x00000000952f81a8,0x0000000095300000)
 Metaspace       used 18162K, capacity 19038K, committed 19328K, reserved 1064960K
  class space    used 2633K, capacity 2833K, committed 2944K, reserved 1048576K
Event: 8.386 GC heap after
Heap after GC invocations=13 (full 8):
 PSYoungGen      total 123904K, used 111708K [0x00000000d6100000, 0x00000000dea00000, 0x0000000100000000)
  eden space 118784K, 94% used [0x00000000d6100000,0x00000000dce17270,0x00000000dd500000)
  from space 5120K, 0% used [0x00000000de000000,0x00000000de000000,0x00000000de500000)
  to   space 4096K, 0% used [0x00000000de600000,0x00000000de600000,0x00000000dea00000)
 ParOldGen       total 312320K, used 311263K [0x0000000082200000, 0x0000000095300000, 0x00000000d6100000)
  object space 312320K, 99% used [0x0000000082200000,0x00000000951f7e60,0x0000000095300000)
 Metaspace       used 18162K, capacity 19038K, committed 19328K, reserved 1064960K
  class space    used 2633K, capacity 2833K, committed 2944K, reserved 1048576K
}

